<<<<<<< HEAD
c:\users\david\documents\gp2\gp2cwproject\build\gp2cwproject.dir\debug\vc140.pdb
c:\users\david\documents\gp2\gp2cwproject\build\gp2cwproject.dir\debug\main.obj
c:\users\david\documents\gp2\gp2cwproject\build\gp2cwproject.dir\debug\mygame.obj
c:\users\david\documents\gp2\gp2cwproject\build\cmakefiles\generate.stamp
c:\users\david\documents\gp2\gp2cwproject\build\debug\gp2cwproject.ilk
c:\users\david\documents\gp2\gp2cwproject\build\debug\gp2cwproject.exe
c:\users\david\documents\gp2\gp2cwproject\build\debug\gp2cwproject.pdb
c:\users\david\documents\gp2\gp2cwproject\build\gp2cwproject.dir\debug\gp2cwproject.tlog\cl.command.1.tlog
c:\users\david\documents\gp2\gp2cwproject\build\gp2cwproject.dir\debug\gp2cwproject.tlog\cl.read.1.tlog
c:\users\david\documents\gp2\gp2cwproject\build\gp2cwproject.dir\debug\gp2cwproject.tlog\cl.write.1.tlog
c:\users\david\documents\gp2\gp2cwproject\build\gp2cwproject.dir\debug\gp2cwproject.tlog\custombuild.command.1.tlog
c:\users\david\documents\gp2\gp2cwproject\build\gp2cwproject.dir\debug\gp2cwproject.tlog\custombuild.read.1.tlog
c:\users\david\documents\gp2\gp2cwproject\build\gp2cwproject.dir\debug\gp2cwproject.tlog\custombuild.write.1.tlog
c:\users\david\documents\gp2\gp2cwproject\build\gp2cwproject.dir\debug\gp2cwproject.tlog\link.command.1.tlog
c:\users\david\documents\gp2\gp2cwproject\build\gp2cwproject.dir\debug\gp2cwproject.tlog\link.read.1.tlog
c:\users\david\documents\gp2\gp2cwproject\build\gp2cwproject.dir\debug\gp2cwproject.tlog\link.write.1.tlog
=======
c:\users\fraser\documents\github\gp2cwproject\build\gp2cwproject.dir\debug\vc140.pdb
c:\users\fraser\documents\github\gp2cwproject\build\gp2cwproject.dir\debug\mygame.obj
c:\users\fraser\documents\github\gp2cwproject\build\gp2cwproject.dir\debug\main.obj
c:\users\fraser\documents\github\gp2cwproject\build\cmakefiles\generate.stamp
c:\users\fraser\documents\github\gp2cwproject\build\debug\gp2cwproject.ilk
c:\users\fraser\documents\github\gp2cwproject\build\debug\gp2cwproject.exe
c:\users\fraser\documents\github\gp2cwproject\build\debug\gp2cwproject.pdb
c:\users\fraser\documents\github\gp2cwproject\build\gp2cwproject.dir\debug\gp2cwproject.vcxprojresolveassemblyreference.cache
c:\users\fraser\documents\github\gp2cwproject\build\gp2cwproject.dir\debug\gp2cwproject.tlog\cl.command.1.tlog
c:\users\fraser\documents\github\gp2cwproject\build\gp2cwproject.dir\debug\gp2cwproject.tlog\cl.read.1.tlog
c:\users\fraser\documents\github\gp2cwproject\build\gp2cwproject.dir\debug\gp2cwproject.tlog\cl.write.1.tlog
c:\users\fraser\documents\github\gp2cwproject\build\gp2cwproject.dir\debug\gp2cwproject.tlog\custombuild.command.1.tlog
c:\users\fraser\documents\github\gp2cwproject\build\gp2cwproject.dir\debug\gp2cwproject.tlog\custombuild.read.1.tlog
c:\users\fraser\documents\github\gp2cwproject\build\gp2cwproject.dir\debug\gp2cwproject.tlog\custombuild.write.1.tlog
c:\users\fraser\documents\github\gp2cwproject\build\gp2cwproject.dir\debug\gp2cwproject.tlog\link.command.1.tlog
c:\users\fraser\documents\github\gp2cwproject\build\gp2cwproject.dir\debug\gp2cwproject.tlog\link.read.1.tlog
c:\users\fraser\documents\github\gp2cwproject\build\gp2cwproject.dir\debug\gp2cwproject.tlog\link.write.1.tlog
>>>>>>> refs/remotes/origin/Fraser-PointLight
