cl : Command line warning D9002: ignoring unknown option '/EH;'
cl : Command line warning D9002: ignoring unknown option '/EH-'
cl : Command line warning D9002: ignoring unknown option '/EHt'
cl : Command line warning D9002: ignoring unknown option '/EHd'
cl : Command line warning D9002: ignoring unknown option '/EH='
cl : Command line warning D9002: ignoring unknown option '/EH+'
cl : Command line warning D9002: ignoring unknown option '/EH+'
cl : Command line warning D9002: ignoring unknown option '/EH0'
cl : Command line warning D9002: ignoring unknown option '/EHx'
cl : Command line warning D9002: ignoring unknown option '-g'
  main.cpp
C:\Users\Fraser\Documents\Visual Studio 2015\Projects\GP2CWProject\src\main.cpp(7): error C2065: 'MyGame': undeclared identifier
C:\Users\Fraser\Documents\Visual Studio 2015\Projects\GP2CWProject\src\main.cpp(7): error C2923: 'std::unique_ptr': 'MyGame' is not a valid template type argument for parameter '_Ty'
C:\Users\Fraser\Documents\Visual Studio 2015\Projects\GP2CWProject\src\main.cpp(7): error C3203: 'default_delete': unspecialized class template can't be used as a template argument for template parameter '_Dx', expected a real type
C:\Users\Fraser\Documents\Visual Studio 2015\Projects\GP2CWProject\src\main.cpp(7): error C2061: syntax error: identifier 'MyGame'
C:\Users\Fraser\Documents\Visual Studio 2015\Projects\GP2CWProject\src\main.cpp(7): error C2514: 'std::unique_ptr': class has no constructors
  C:\Program Files (x86)\Microsoft Visual Studio 14.0\VC\include\memory(1278): note: see declaration of 'std::unique_ptr'
C:\Users\Fraser\Documents\Visual Studio 2015\Projects\GP2CWProject\src\main.cpp(9): error C2678: binary '->': no operator found which takes a left-hand operand of type 'std::unique_ptr' (or there is no acceptable conversion)
  C:\Program Files (x86)\Microsoft Visual Studio 14.0\VC\include\memory(1405): note: could be '_Get_deleter_pointer_type<_Ty,remove_reference<_Dx>::type>::type std::unique_ptr<_Ty,_Dx>::operator ->(void) noexcept const'
  C:\Users\Fraser\Documents\Visual Studio 2015\Projects\GP2CWProject\src\main.cpp(9): note: while trying to match the argument list '(std::unique_ptr)'
C:\Users\Fraser\Documents\Visual Studio 2015\Projects\GP2CWProject\src\main.cpp(9): error C2039: 'init': is not a member of 'std::unique_ptr'
  C:\Program Files (x86)\Microsoft Visual Studio 14.0\VC\include\memory(1278): note: see declaration of 'std::unique_ptr'
C:\Users\Fraser\Documents\Visual Studio 2015\Projects\GP2CWProject\src\main.cpp(10): error C2678: binary '->': no operator found which takes a left-hand operand of type 'std::unique_ptr' (or there is no acceptable conversion)
  C:\Program Files (x86)\Microsoft Visual Studio 14.0\VC\include\memory(1405): note: could be '_Get_deleter_pointer_type<_Ty,remove_reference<_Dx>::type>::type std::unique_ptr<_Ty,_Dx>::operator ->(void) noexcept const'
  C:\Users\Fraser\Documents\Visual Studio 2015\Projects\GP2CWProject\src\main.cpp(10): note: while trying to match the argument list '(std::unique_ptr)'
C:\Users\Fraser\Documents\Visual Studio 2015\Projects\GP2CWProject\src\main.cpp(10): error C2039: 'run': is not a member of 'std::unique_ptr'
  C:\Program Files (x86)\Microsoft Visual Studio 14.0\VC\include\memory(1278): note: see declaration of 'std::unique_ptr'
  MyGame.cpp
  Generating Code...
