  Building Custom Rule C:/Users/Fraser/Documents/Uni/Year3/GP2CWProject/GameApplication/Utils/CMakeLists.txt
  CMake does not need to re-run because C:\Users\Fraser\Documents\Uni\Year3\GP2CWProject\build\GameApplication\Utils\CMakeFiles\generate.stamp is up-to-date.
cl : Command line warning D9002: ignoring unknown option '/EH;'
cl : Command line warning D9002: ignoring unknown option '/EH-'
cl : Command line warning D9002: ignoring unknown option '/EHt'
cl : Command line warning D9002: ignoring unknown option '/EHd'
cl : Command line warning D9002: ignoring unknown option '/EH='
cl : Command line warning D9002: ignoring unknown option '/EH+'
cl : Command line warning D9002: ignoring unknown option '/EH+'
cl : Command line warning D9002: ignoring unknown option '/EH0'
cl : Command line warning D9002: ignoring unknown option '/EHx'
cl : Command line warning D9002: ignoring unknown option '-g'
  Log.cpp
  clock.cpp
C:\Users\Fraser\Documents\Uni\Year3\GP2CWProject\GameApplication\Utils\src\clock.cpp(7): warning C4996: 'localtime': This function or variable may be unsafe. Consider using localtime_s instead. To disable deprecation, use _CRT_SECURE_NO_WARNINGS. See online help for details.
  C:\Program Files (x86)\Windows Kits\10\Include\10.0.10240.0\ucrt\time.h(505): note: see declaration of 'localtime'
C:\Users\Fraser\Documents\Uni\Year3\GP2CWProject\GameApplication\Utils\src\clock.cpp(8): warning C4996: 'asctime': This function or variable may be unsafe. Consider using asctime_s instead. To disable deprecation, use _CRT_SECURE_NO_WARNINGS. See online help for details.
  C:\Program Files (x86)\Windows Kits\10\Include\10.0.10240.0\ucrt\time.h(116): note: see declaration of 'asctime'
  ProgramOptions.cpp
C:\Users\Fraser\Documents\Uni\Year3\GP2CWProject\GameApplication\Utils\src\ProgramOptions.cpp(46): warning C4800: 'int': forcing value to bool 'true' or 'false' (performance warning)
  CommandLineParser.cpp
C:\Users\Fraser\Documents\Uni\Year3\GP2CWProject\GameApplication\Utils\src\CommandLineParser.cpp(30): warning C4267: '=': conversion from 'size_t' to 'int', possible loss of data
  XMLOptionsParser.cpp
  Timer.cpp
  Generating Code...
  Utils.vcxproj -> C:\Users\Fraser\Documents\Uni\Year3\GP2CWProject\build\GameApplication\Utils\Debug\Utils.lib
