<<<<<<< HEAD
c:\users\fraser\documents\uni\year3\gp2basecode1617\build\gameapplication\utils\utils.dir\debug\utils.pdb
c:\users\fraser\documents\uni\year3\gp2basecode1617\build\gameapplication\utils\utils.dir\debug\timer.obj
c:\users\fraser\documents\uni\year3\gp2basecode1617\build\gameapplication\utils\utils.dir\debug\xmloptionsparser.obj
c:\users\fraser\documents\uni\year3\gp2basecode1617\build\gameapplication\utils\utils.dir\debug\commandlineparser.obj
c:\users\fraser\documents\uni\year3\gp2basecode1617\build\gameapplication\utils\utils.dir\debug\programoptions.obj
c:\users\fraser\documents\uni\year3\gp2basecode1617\build\gameapplication\utils\utils.dir\debug\clock.obj
c:\users\fraser\documents\uni\year3\gp2basecode1617\build\gameapplication\utils\utils.dir\debug\log.obj
c:\users\fraser\documents\visual studio 2015\projects\gp2cwproject\build\gameapplication\utils\utils.dir\debug\utils.pdb
c:\users\fraser\documents\visual studio 2015\projects\gp2cwproject\build\gameapplication\utils\utils.dir\debug\timer.obj
c:\users\fraser\documents\visual studio 2015\projects\gp2cwproject\build\gameapplication\utils\utils.dir\debug\xmloptionsparser.obj
c:\users\fraser\documents\visual studio 2015\projects\gp2cwproject\build\gameapplication\utils\utils.dir\debug\commandlineparser.obj
c:\users\fraser\documents\visual studio 2015\projects\gp2cwproject\build\gameapplication\utils\utils.dir\debug\programoptions.obj
c:\users\fraser\documents\visual studio 2015\projects\gp2cwproject\build\gameapplication\utils\utils.dir\debug\clock.obj
c:\users\fraser\documents\visual studio 2015\projects\gp2cwproject\build\gameapplication\utils\utils.dir\debug\log.obj
c:\users\fraser\documents\uni\year3\gp2basecode1617\build\gameapplication\utils\cmakefiles\generate.stamp
c:\users\fraser\documents\visual studio 2015\projects\gp2cwproject\build\gameapplication\utils\cmakefiles\generate.stamp
c:\users\fraser\documents\uni\year3\gp2basecode1617\build\gameapplication\utils\debug\utils.lib
c:\users\fraser\documents\visual studio 2015\projects\gp2cwproject\build\gameapplication\utils\debug\utils.lib
c:\users\fraser\documents\visual studio 2015\projects\gp2cwproject\build\gameapplication\utils\debug\utils.pdb
c:\users\fraser\documents\visual studio 2015\projects\gp2cwproject\build\gameapplication\utils\utils.dir\debug\utils.tlog\cl.command.1.tlog
c:\users\fraser\documents\visual studio 2015\projects\gp2cwproject\build\gameapplication\utils\utils.dir\debug\utils.tlog\cl.read.1.tlog
c:\users\fraser\documents\visual studio 2015\projects\gp2cwproject\build\gameapplication\utils\utils.dir\debug\utils.tlog\cl.write.1.tlog
c:\users\fraser\documents\visual studio 2015\projects\gp2cwproject\build\gameapplication\utils\utils.dir\debug\utils.tlog\custombuild.command.1.tlog
c:\users\fraser\documents\visual studio 2015\projects\gp2cwproject\build\gameapplication\utils\utils.dir\debug\utils.tlog\custombuild.read.1.tlog
c:\users\fraser\documents\visual studio 2015\projects\gp2cwproject\build\gameapplication\utils\utils.dir\debug\utils.tlog\custombuild.write.1.tlog
c:\users\fraser\documents\visual studio 2015\projects\gp2cwproject\build\gameapplication\utils\utils.dir\debug\utils.tlog\lib-link.read.1.tlog
c:\users\fraser\documents\visual studio 2015\projects\gp2cwproject\build\gameapplication\utils\utils.dir\debug\utils.tlog\lib-link.write.1.tlog
c:\users\fraser\documents\visual studio 2015\projects\gp2cwproject\build\gameapplication\utils\utils.dir\debug\utils.tlog\lib.command.1.tlog
=======
c:\users\fraser\documents\github\gp2cwproject\build\gameapplication\utils\utils.dir\debug\utils.pdb
c:\users\fraser\documents\github\gp2cwproject\build\gameapplication\utils\utils.dir\debug\timer.obj
c:\users\fraser\documents\github\gp2cwproject\build\gameapplication\utils\utils.dir\debug\xmloptionsparser.obj
c:\users\fraser\documents\github\gp2cwproject\build\gameapplication\utils\utils.dir\debug\commandlineparser.obj
c:\users\fraser\documents\github\gp2cwproject\build\gameapplication\utils\utils.dir\debug\programoptions.obj
c:\users\fraser\documents\github\gp2cwproject\build\gameapplication\utils\utils.dir\debug\clock.obj
c:\users\fraser\documents\github\gp2cwproject\build\gameapplication\utils\utils.dir\debug\log.obj
c:\users\fraser\documents\github\gp2cwproject\build\gameapplication\utils\cmakefiles\generate.stamp
c:\users\fraser\documents\github\gp2cwproject\build\gameapplication\utils\debug\utils.lib
c:\users\fraser\documents\github\gp2cwproject\build\gameapplication\utils\debug\utils.pdb
c:\users\fraser\documents\github\gp2cwproject\build\gameapplication\utils\utils.dir\debug\utils.tlog\cl.command.1.tlog
c:\users\fraser\documents\github\gp2cwproject\build\gameapplication\utils\utils.dir\debug\utils.tlog\cl.read.1.tlog
c:\users\fraser\documents\github\gp2cwproject\build\gameapplication\utils\utils.dir\debug\utils.tlog\cl.write.1.tlog
c:\users\fraser\documents\github\gp2cwproject\build\gameapplication\utils\utils.dir\debug\utils.tlog\custombuild.command.1.tlog
c:\users\fraser\documents\github\gp2cwproject\build\gameapplication\utils\utils.dir\debug\utils.tlog\custombuild.read.1.tlog
c:\users\fraser\documents\github\gp2cwproject\build\gameapplication\utils\utils.dir\debug\utils.tlog\custombuild.write.1.tlog
c:\users\fraser\documents\github\gp2cwproject\build\gameapplication\utils\utils.dir\debug\utils.tlog\lib-link.read.1.tlog
c:\users\fraser\documents\github\gp2cwproject\build\gameapplication\utils\utils.dir\debug\utils.tlog\lib-link.write.1.tlog
c:\users\fraser\documents\github\gp2cwproject\build\gameapplication\utils\utils.dir\debug\utils.tlog\lib.command.1.tlog
>>>>>>> refs/remotes/origin/master
