cl : Command line warning D9002: ignoring unknown option '/EH;'
cl : Command line warning D9002: ignoring unknown option '/EH-'
cl : Command line warning D9002: ignoring unknown option '/EHt'
cl : Command line warning D9002: ignoring unknown option '/EHd'
cl : Command line warning D9002: ignoring unknown option '/EH='
cl : Command line warning D9002: ignoring unknown option '/EH+'
cl : Command line warning D9002: ignoring unknown option '/EH+'
cl : Command line warning D9002: ignoring unknown option '/EH0'
cl : Command line warning D9002: ignoring unknown option '/EHx'
cl : Command line warning D9002: ignoring unknown option '-g'
  Camera.cpp
C:\Users\Fraser\Documents\GitHub\GP2CWProject\GameApplication\src\Camera.cpp(55): warning C4244: 'initializing': conversion from 'Uint32' to 'GLfloat', possible loss of data
C:\Users\Fraser\Documents\GitHub\GP2CWProject\GameApplication\src\Camera.cpp(66): warning C4244: '=': conversion from 'int' to 'GLfloat', possible loss of data
C:\Users\Fraser\Documents\GitHub\GP2CWProject\GameApplication\src\Camera.cpp(67): warning C4244: '=': conversion from 'int' to 'GLfloat', possible loss of data
  GameApplication.cpp
  GameObject.cpp
  Material.cpp
  ModelLoading.cpp
C:\Users\Fraser\Documents\GitHub\GP2CWProject\GameApplication\src\ModelLoading.cpp(20): warning C4018: '<': signed/unsigned mismatch
C:\Users\Fraser\Documents\GitHub\GP2CWProject\GameApplication\src\ModelLoading.cpp(23): warning C4018: '<': signed/unsigned mismatch
C:\Users\Fraser\Documents\GitHub\GP2CWProject\GameApplication\src\ModelLoading.cpp(30): warning C4018: '<': signed/unsigned mismatch
C:\Users\Fraser\Documents\GitHub\GP2CWProject\GameApplication\src\ModelLoading.cpp(49): warning C4018: '<': signed/unsigned mismatch
C:\Users\Fraser\Documents\GitHub\GP2CWProject\GameApplication\src\ModelLoading.cpp(61): warning C4267: 'argument': conversion from 'size_t' to 'int', possible loss of data
  Transform.cpp
  Generating Code...
  GameApplication.vcxproj -> C:\Users\Fraser\Documents\GitHub\GP2CWProject\build\GameApplication\Debug\GameApplication.lib
