c:\users\fraser\documents\uni\year3\gp2basecode1617\build\gameapplication\gameapplication.dir\debug\gameapplication.pdb
c:\users\fraser\documents\uni\year3\gp2basecode1617\build\gameapplication\gameapplication.dir\debug\modelloading.obj
c:\users\fraser\documents\uni\year3\gp2basecode1617\build\gameapplication\gameapplication.dir\debug\gameobject.obj
c:\users\fraser\documents\uni\year3\gp2basecode1617\build\gameapplication\gameapplication.dir\debug\gameapplication.obj
c:\users\fraser\documents\uni\year3\gp2basecode1617\build\gameapplication\gameapplication.dir\debug\texture.obj
c:\users\fraser\documents\uni\year3\gp2basecode1617\build\gameapplication\gameapplication.dir\debug\shader.obj
c:\users\fraser\documents\visual studio 2015\projects\gp2cwproject\build\gameapplication\gameapplication.dir\debug\gameapplication.pdb
c:\users\fraser\documents\visual studio 2015\projects\gp2cwproject\build\gameapplication\gameapplication.dir\debug\modelloading.obj
c:\users\fraser\documents\visual studio 2015\projects\gp2cwproject\build\gameapplication\gameapplication.dir\debug\gameobject.obj
c:\users\fraser\documents\visual studio 2015\projects\gp2cwproject\build\gameapplication\gameapplication.dir\debug\texture.obj
c:\users\fraser\documents\visual studio 2015\projects\gp2cwproject\build\gameapplication\gameapplication.dir\debug\shader.obj
c:\users\fraser\documents\visual studio 2015\projects\gp2cwproject\build\gameapplication\gameapplication.dir\debug\gameapplication.obj
c:\users\fraser\documents\uni\year3\gp2basecode1617\build\gameapplication\cmakefiles\generate.stamp
c:\users\fraser\documents\visual studio 2015\projects\gp2cwproject\build\gameapplication\cmakefiles\generate.stamp
c:\users\fraser\documents\uni\year3\gp2basecode1617\build\gameapplication\debug\gameapplication.lib
c:\users\fraser\documents\visual studio 2015\projects\gp2cwproject\build\gameapplication\debug\gameapplication.lib
c:\users\fraser\documents\visual studio 2015\projects\gp2cwproject\build\gameapplication\gameapplication.dir\debug\gameapplication.vcxprojresolveassemblyreference.cache
c:\users\fraser\documents\visual studio 2015\projects\gp2cwproject\build\gameapplication\debug\gameapplication.pdb
c:\users\fraser\documents\visual studio 2015\projects\gp2cwproject\build\gameapplication\gameapplication.dir\debug\gameapplication.tlog\cl.command.1.tlog
c:\users\fraser\documents\visual studio 2015\projects\gp2cwproject\build\gameapplication\gameapplication.dir\debug\gameapplication.tlog\cl.read.1.tlog
c:\users\fraser\documents\visual studio 2015\projects\gp2cwproject\build\gameapplication\gameapplication.dir\debug\gameapplication.tlog\cl.write.1.tlog
c:\users\fraser\documents\visual studio 2015\projects\gp2cwproject\build\gameapplication\gameapplication.dir\debug\gameapplication.tlog\custombuild.command.1.tlog
c:\users\fraser\documents\visual studio 2015\projects\gp2cwproject\build\gameapplication\gameapplication.dir\debug\gameapplication.tlog\custombuild.read.1.tlog
c:\users\fraser\documents\visual studio 2015\projects\gp2cwproject\build\gameapplication\gameapplication.dir\debug\gameapplication.tlog\custombuild.write.1.tlog
c:\users\fraser\documents\visual studio 2015\projects\gp2cwproject\build\gameapplication\gameapplication.dir\debug\gameapplication.tlog\lib-link.read.1.tlog
c:\users\fraser\documents\visual studio 2015\projects\gp2cwproject\build\gameapplication\gameapplication.dir\debug\gameapplication.tlog\lib-link.write.1.tlog
c:\users\fraser\documents\visual studio 2015\projects\gp2cwproject\build\gameapplication\gameapplication.dir\debug\gameapplication.tlog\lib.command.1.tlog
