Build started 21/12/2016 02:31:04.
     1>Project "E:\Jack\Documents\Uni Work\3rd Year\Games Programming 2\GP2CWProject\build\ZERO_CHECK.vcxproj" on node 2 (Build target(s)).
     1>CustomBuild:
         Checking Build System
         CMake does not need to re-run because E:/Jack/Documents/Uni Work/3rd Year/Games Programming 2/GP2CWProject/build/CMakeFiles/generate.stamp is up-to-date.
         CMake is re-running because E:/Jack/Documents/Uni Work/3rd Year/Games Programming 2/GP2CWProject/build/GameApplication/CMakeFiles/generate.stamp is out-of-date.
           the file 'E:/Jack/Documents/Uni Work/3rd Year/Games Programming 2/GP2CWProject/GameApplication/CMakeLists.txt'
           is newer than 'E:/Jack/Documents/Uni Work/3rd Year/Games Programming 2/GP2CWProject/build/GameApplication/CMakeFiles/generate.stamp.depend'
           result='-1'
         GP2CWProject
         E:\Jack\Documents\GP2 Software\glew-2.0.0
         E:/Jack/Documents/GP2 Software/tinyxml2/lib/tinyxml2.lib
         <FindSDL2.cmake>
         E:\Jack\Documents\GP2 Software\SDL2-2.0.4
         </FindSDL2.cmake>
         <FindGLM.cmake>
         E:\Jack\Documents\GP2 Software\glm
         -- GLM_INCLUDE_DIR = E:/Jack/Documents/GP2 Software/glm
         <SDL2 Image> E:\Jack\Documents\GP2 Software\SDL2_image-2.0.1
         SDL2 Image YESE:/Jack/Documents/GP2 Software/SDL2_image-2.0.1/lib/x64/SDL2_image.libE:/Jack/Documents/GP2 Software/SDL2_image-2.0.1/include
         E:/Jack/Documents/GP2 Software/tinyxml2/lib/tinyxml2.lib
         <FindSDL2.cmake>
         E:\Jack\Documents\GP2 Software\SDL2-2.0.4
         </FindSDL2.cmake>
         <FindGLM.cmake>
         E:\Jack\Documents\GP2 Software\glm
         -- GLM_INCLUDE_DIR = E:/Jack/Documents/GP2 Software/glm
         <SDL2 Image> E:\Jack\Documents\GP2 Software\SDL2_image-2.0.1
         SDL2 Image YESE:/Jack/Documents/GP2 Software/SDL2_image-2.0.1/lib/x64/SDL2_image.libE:/Jack/Documents/GP2 Software/SDL2_image-2.0.1/include
         GLEW_INCLUDE_DIRS
         E:/Jack/Documents/GP2 Software/glew-2.0.0/include
         E:/Jack/Documents/GP2 Software/tinyxml2/lib/tinyxml2.lib
         <FindSDL2.cmake>
         E:\Jack\Documents\GP2 Software\SDL2-2.0.4
         </FindSDL2.cmake>
         -- Configuring done
         -- Generating done
         -- Build files have been written to: E:/Jack/Documents/Uni Work/3rd Year/Games Programming 2/GP2CWProject/build
     1>Done Building Project "E:\Jack\Documents\Uni Work\3rd Year\Games Programming 2\GP2CWProject\build\ZERO_CHECK.vcxproj" (Build target(s)).

Build succeeded.

Time Elapsed 00:00:00.61
